TN:
SF:src/app.module.ts
FNF:0
FNH:0
DA:1,1
DA:2,1
DA:7,1
LF:3
LH:3
BRF:0
BRH:0
end_of_record
TN:
SF:src/main.ts
FN:5,bootstrap
FNF:1
FNH:0
FNDA:0,bootstrap
DA:1,0
DA:2,0
DA:3,0
DA:6,0
DA:9,0
DA:16,0
DA:18,0
DA:19,0
DA:21,0
LF:9
LH:0
BRF:0
BRH:0
end_of_record
TN:
SF:src/todos/todos.controller.ts
FN:9,(anonymous_4)
FN:12,(anonymous_5)
FN:17,(anonymous_6)
FN:22,(anonymous_7)
FN:27,(anonymous_8)
FN:35,(anonymous_9)
FNF:6
FNH:6
FNDA:35,(anonymous_4)
FNDA:12,(anonymous_5)
FNDA:4,(anonymous_6)
FNDA:7,(anonymous_7)
FNDA:9,(anonymous_8)
FNDA:5,(anonymous_9)
DA:1,3
DA:2,3
DA:3,3
DA:4,3
DA:5,3
DA:8,3
DA:9,35
DA:12,3
DA:13,12
DA:17,3
DA:18,4
DA:22,3
DA:23,7
DA:27,3
DA:31,9
DA:35,3
DA:36,5
LF:17
LH:17
BRF:0
BRH:0
end_of_record
TN:
SF:src/todos/todos.module.ts
FNF:0
FNH:0
DA:1,2
DA:2,2
DA:3,2
DA:9,2
LF:4
LH:4
BRF:0
BRH:0
end_of_record
TN:
SF:src/todos/todos.service.ts
FN:7,(anonymous_1)
FN:11,(anonymous_2)
FN:22,(anonymous_3)
FN:26,(anonymous_4)
FN:27,(anonymous_5)
FN:34,(anonymous_6)
FN:35,(anonymous_7)
FN:49,(anonymous_8)
FN:50,(anonymous_9)
FNF:9
FNH:9
FNDA:50,(anonymous_1)
FNDA:22,(anonymous_2)
FNDA:5,(anonymous_3)
FNDA:8,(anonymous_4)
FNDA:4,(anonymous_5)
FNDA:10,(anonymous_6)
FNDA:7,(anonymous_7)
FNDA:7,(anonymous_8)
FNDA:4,(anonymous_9)
DA:1,4
DA:7,4
DA:8,50
DA:9,50
DA:12,22
DA:18,22
DA:19,22
DA:23,5
DA:27,8
DA:28,8
DA:29,4
DA:31,4
DA:35,10
DA:36,10
DA:37,3
DA:40,7
DA:41,7
DA:46,7
DA:50,7
DA:51,7
DA:52,3
DA:55,4
DA:56,4
DA:58,4
LF:24
LH:24
BRDA:15,0,0,22
BRDA:15,0,1,20
BRDA:28,1,0,4
BRDA:28,1,1,4
BRDA:36,2,0,3
BRDA:36,2,1,7
BRDA:51,3,0,3
BRDA:51,3,1,4
BRF:8
BRH:8
end_of_record
TN:
SF:src/todos/dto/create-todo.dto.ts
FNF:0
FNH:0
DA:1,4
DA:3,4
DA:6,4
DA:10,4
LF:4
LH:4
BRF:0
BRH:0
end_of_record
TN:
SF:src/todos/dto/update-todo.dto.ts
FNF:0
FNH:0
DA:1,4
DA:3,4
DA:7,4
DA:11,4
LF:4
LH:4
BRF:0
BRH:0
end_of_record
TN:
SF:src/todos/entities/todo.entity.ts
FNF:0
FNH:0
DA:1,3
LF:1
LH:1
BRF:0
BRH:0
end_of_record
